0 info it worked if it ends with ok
1 verbose cli [ 'D:\\node\\node.exe',
1 verbose cli   'D:\\node\\node_modules\\npm\\bin\\npm-cli.js',
1 verbose cli   'install',
1 verbose cli   '–g',
1 verbose cli   'n' ]
2 info using npm@2.14.7
3 info using node@v4.2.3
4 verbose install initial load of E:\ideaprojects\angularjs\package.json
5 warn package.json grunt-angularjs-yt@1.0.0 No README data
6 verbose installManyTop reading scoped package data from E:\ideaprojects\angularjs\node_modules\grunt\package.json
7 verbose installManyTop reading scoped package data from E:\ideaprojects\angularjs\node_modules\grunt-contrib-connect\package.json
8 verbose installManyTop reading scoped package data from E:\ideaprojects\angularjs\node_modules\grunt-contrib-jshint\package.json
9 verbose installManyTop reading scoped package data from E:\ideaprojects\angularjs\node_modules\grunt-contrib-uglify\package.json
10 verbose installManyTop reading scoped package data from E:\ideaprojects\angularjs\node_modules\grunt-contrib-watch\package.json
11 info package.json grunt@0.4.5 No license field.
12 info package.json grunt-contrib-watch@0.6.1 No license field.
13 verbose readDependencies loading dependencies from E:\ideaprojects\angularjs\package.json
14 silly cache add args [ '–g', null ]
15 verbose cache add spec –g
16 silly cache add args [ 'n', null ]
17 verbose cache add spec n
18 silly cache add parsed spec Result {
18 silly cache add   raw: '–g',
18 silly cache add   scope: null,
18 silly cache add   name: null,
18 silly cache add   rawSpec: '–g',
18 silly cache add   spec: 'E:\\ideaprojects\\angularjs\\–g',
18 silly cache add   type: 'local' }
19 silly cache add parsed spec Result {
19 silly cache add   raw: 'n',
19 silly cache add   scope: null,
19 silly cache add   name: 'n',
19 silly cache add   rawSpec: '',
19 silly cache add   spec: '*',
19 silly cache add   type: 'range' }
20 silly addNamed n@*
21 verbose addNamed "*" is a valid semver range for n
22 silly addNameRange { name: 'n', range: '*', hasData: false }
23 silly mapToRegistry name n
24 silly mapToRegistry using default registry
25 silly mapToRegistry registry https://registry.npmjs.org/
26 silly mapToRegistry uri https://registry.npmjs.org/n
27 verbose addNameRange registry:https://registry.npmjs.org/n not in flight; fetching
28 error addLocal Could not install E:\ideaprojects\angularjs\–g
29 verbose request uri https://registry.npmjs.org/n
30 verbose request no auth needed
31 info attempt registry request try #1 at 13:38:15
32 verbose request id 85281c42cf5e8da5
33 verbose etag "4A9CGRY0D8P416H6EGZMHLRFV"
34 http request GET https://registry.npmjs.org/n
35 http 400 https://registry.npmjs.org/n
36 verbose headers {}
37 silly get cb [ 304, undefined ]
38 verbose etag https://registry.npmjs.org/n from cache
39 verbose get saving n to C:\Users\Administrator\AppData\Roaming\npm-cache\registry.npmjs.org\n\.cache.json
40 silly addNameRange number 2 { name: 'n', range: '*', hasData: true }
41 silly addNameRange versions [ 'n',
41 silly addNameRange   [ '0.0.1',
41 silly addNameRange     '0.0.2',
41 silly addNameRange     '0.0.3',
41 silly addNameRange     '0.0.4',
41 silly addNameRange     '0.1.0',
41 silly addNameRange     '0.1.1',
41 silly addNameRange     '0.1.2',
41 silly addNameRange     '0.2.0',
41 silly addNameRange     '0.2.1',
41 silly addNameRange     '0.2.2',
41 silly addNameRange     '0.3.0',
41 silly addNameRange     '0.4.0',
41 silly addNameRange     '0.4.1',
41 silly addNameRange     '0.4.2',
41 silly addNameRange     '0.5.0',
41 silly addNameRange     '0.5.1',
41 silly addNameRange     '0.5.2',
41 silly addNameRange     '0.5.3',
41 silly addNameRange     '0.5.4',
41 silly addNameRange     '0.6.0',
41 silly addNameRange     '0.6.1',
41 silly addNameRange     '0.7.0',
41 silly addNameRange     '0.7.1',
41 silly addNameRange     '0.7.2',
41 silly addNameRange     '0.7.3',
41 silly addNameRange     '0.8.0',
41 silly addNameRange     '0.8.1',
41 silly addNameRange     '0.8.2',
41 silly addNameRange     '0.9.0',
41 silly addNameRange     '0.9.1',
41 silly addNameRange     '0.9.2',
41 silly addNameRange     '0.9.3',
41 silly addNameRange     '1.0.0',
41 silly addNameRange     '1.1.0',
41 silly addNameRange     '1.2.1',
41 silly addNameRange     '1.2.2',
41 silly addNameRange     '1.2.3',
41 silly addNameRange     '1.2.4',
41 silly addNameRange     '1.2.5',
41 silly addNameRange     '1.2.6',
41 silly addNameRange     '1.2.7',
41 silly addNameRange     '1.2.8',
41 silly addNameRange     '1.2.9',
41 silly addNameRange     '1.2.11',
41 silly addNameRange     '1.2.13',
41 silly addNameRange     '1.2.14',
41 silly addNameRange     '1.3.0',
41 silly addNameRange     '1.4.0',
41 silly addNameRange     '2.0.0',
41 silly addNameRange     '1.4.1',
41 silly addNameRange     '2.0.1',
41 silly addNameRange     '1.4.2',
41 silly addNameRange     '2.0.2' ] ]
42 silly addNamed n@2.0.2
43 verbose addNamed "2.0.2" is a plain semver version for n
44 silly cache afterAdd n@2.0.2
45 verbose afterAdd C:\Users\Administrator\AppData\Roaming\npm-cache\n\2.0.2\package\package.json not in flight; writing
46 verbose afterAdd C:\Users\Administrator\AppData\Roaming\npm-cache\n\2.0.2\package\package.json written
47 verbose stack Error: ENOENT: no such file or directory, open 'E:\ideaprojects\angularjs\–g'
47 verbose stack     at Error (native)
48 verbose cwd E:\ideaprojects\angularjs
49 error Windows_NT 6.1.7601
50 error argv "D:\\node\\node.exe" "D:\\node\\node_modules\\npm\\bin\\npm-cli.js" "install" "–g" "n"
51 error node v4.2.3
52 error npm  v2.14.7
53 error path E:\ideaprojects\angularjs\–g
54 error code ENOENT
55 error errno -4058
56 error syscall open
57 error enoent ENOENT: no such file or directory, open 'E:\ideaprojects\angularjs\–g'
57 error enoent This is most likely not a problem with npm itself
57 error enoent and is related to npm not being able to find a file.
58 verbose exit [ -4058, true ]
